<?xml version="1.0" encoding="UTF-8"?>
<testsuites>
  <testsuite name="User add a product to cart and proceed to payment page" timestamp="2021-08-16T23:38:21" time="61.909" tests="1" failures="0" errors="0" skipped="0">
    <properties>
      <property name="specId" value="0"/>
      <property name="featureName" value="User add a product to cart and proceed to payment page"/>
      <property name="capabilities" value="chrome.92_0_4515_131.windows"/>
      <property name="featureFile" value=".\test\features\productShopping.feature"/>
    </properties>
    <testcase classname="CucumberJUnitReport-chrome.92_0_4515_131.windows.User add a product to cart and proceed to payment page" name="Validate product selected has been displayed on payment page" time="61.887">
      <system-out><![CDATA[
✅ Given I am on the login page✅ And I should see a email field is displayed✅ When I enter the required login details✅ And I click sign in button on the page✅ Then I successfully logged into to ecomm web app✅ When I browser the required product and add into cart✅ And I proceed to payment page with required details✅ Then I successfully verified the selected product on payment page
]]></system-out>
    </testcase>
  </testsuite>
</testsuites>